<?xml version="1.0" encoding="UTF-8"?>
<!-- Generated by org.testng.reporters.JUnitXMLReporter -->
<testsuite ignored="3" hostname="Nihala" failures="0" tests="1" name="ChromeTest" time="4.302" errors="0" timestamp="2025-02-04T18:00:00 IST">
  <testcase classname="testscript.LoginPageTest" name="verifyInvalidUsernameAndCorrectPassword" time="0.996"/>
  <testcase classname="testscript.LoginPageTest" name="verifyInvalidUsernameAndPassword" time="0.0">
    <ignored/>
  </testcase> <!-- verifyInvalidUsernameAndPassword -->
  <testcase classname="testscript.LoginPageTest" name="verifyCorrectUsernameAndPassword" time="0.0">
    <ignored/>
  </testcase> <!-- verifyCorrectUsernameAndPassword -->
  <testcase classname="testscript.LoginPageTest" name="verifyCorrectUsernameAndInvalidPassword" time="0.0">
    <ignored/>
  </testcase> <!-- verifyCorrectUsernameAndInvalidPassword -->
</testsuite> <!-- ChromeTest -->
