<?xml version="1.0" encoding="UTF-8"?>
<!-- Generated by org.testng.reporters.JUnitXMLReporter -->
<testsuite ignored="0" hostname="Nihala" failures="0" tests="1" name="Test" time="0.082" errors="0" timestamp="2025-02-09T14:26:28 IST">
  <testcase classname="testscript.Base" name="@BeforeMethod beforeMethod" time="-1.739091388152E9">
    <failure type="org.testng.TestNGException" message="
Parameter &amp;apos;browzer&amp;apos; is required by BeforeMethod on method beforeMethod but has not been marked @Optional or defined
in C:\Users\nihal\git\7rMartSuperMarket\7rMartSuperMarket\extendreport.xml">
      <![CDATA[org.testng.TestNGException: 
Parameter 'browzer' is required by BeforeMethod on method beforeMethod but has not been marked @Optional or defined
in C:\Users\nihal\git\7rMartSuperMarket\7rMartSuperMarket\extendreport.xml
at java.base/java.util.ArrayList.forEach(ArrayList.java:1511)
... Removed 28 stack frames]]>
    </failure>
  </testcase> <!-- @BeforeMethod beforeMethod -->
  <testcase classname="testscript.Base" name="@AfterMethod afterMethod" time="0.0">
    <skipped/>
  </testcase> <!-- @AfterMethod afterMethod -->
  <testcase classname="testscript.AdminLogoutTest" name="verifyUserIsAbletoLogOut" time="0.0">
    <skipped/>
  </testcase> <!-- verifyUserIsAbletoLogOut -->
</testsuite> <!-- Test -->
