<?xml version="1.0" encoding="UTF-8"?>
<!-- Generated by org.testng.reporters.JUnitXMLReporter -->
<testsuite ignored="4" hostname="Nihala" failures="0" tests="0" time="0.011" errors="0" timestamp="2025-01-31T20:27:01 IST">
  <testcase classname="testscript.LoginPageTest" name="verifyCorrectUsernameAndPassword" time="0.0">
    <ignored/>
  </testcase> <!-- verifyCorrectUsernameAndPassword -->
  <testcase classname="testscript.LoginPageTest" name="verifyInvalidUsernameAndCorrectPassword" time="0.0">
    <ignored/>
  </testcase> <!-- verifyInvalidUsernameAndCorrectPassword -->
  <testcase classname="testscript.LoginPageTest" name="verifyInvalidUsernameAndPassword" time="0.0">
    <ignored/>
  </testcase> <!-- verifyInvalidUsernameAndPassword -->
  <testcase classname="testscript.LoginPageTest" name="verifyCorrectUsernameAndInvalidPassword" time="0.0">
    <ignored/>
  </testcase> <!-- verifyCorrectUsernameAndInvalidPassword -->
</testsuite>
