<?xml version="1.0" encoding="UTF-8"?>
<testng-results ignored="0" total="0" passed="0" failed="0" skipped="0">
  <reporter-output>
  </reporter-output>
  <suite started-at="2025-02-09T14:27:36 IST" name="Grouping" finished-at="2025-02-09T14:27:37 IST" duration-ms="19">
    <groups>
    </groups>
    <test started-at="2025-02-09T14:27:36 IST" name="grouping.xml" finished-at="2025-02-09T14:27:37 IST" duration-ms="19">
    </test> <!-- grouping.xml -->
  </suite> <!-- Grouping -->
</testng-results>
