<?xml version="1.0" encoding="UTF-8"?>
<!-- Generated by org.testng.reporters.JUnitXMLReporter -->
<testsuite ignored="0" hostname="Nihala" failures="2" tests="7" name="ChromeTest" time="19.542" errors="0" timestamp="2025-02-08T10:28:35 IST">
  <testcase classname="testscript.ManageNewsTest" name="verifyUserIsAbleToCreateNews" time="1.256">
    <skipped/>
  </testcase> <!-- verifyUserIsAbleToCreateNews -->
  <testcase classname="testscript.LoginPageTest" name="verifyCorrectUsernameAndInvalidPassword" time="0.034">
    <failure type="java.lang.NullPointerException" message="Cannot invoke &amp;quot;org.apache.poi.xssf.usermodel.XSSFSheet.getRow(int)&amp;quot; because &amp;quot;utilities.ExcelUtility.sh&amp;quot; is null">
      <![CDATA[java.lang.NullPointerException: Cannot invoke "org.apache.poi.xssf.usermodel.XSSFSheet.getRow(int)" because "utilities.ExcelUtility.sh" is null
at utilities.ExcelUtility.readStringData(ExcelUtility.java:27)
at testscript.LoginPageTest.verifyCorrectUsernameAndInvalidPassword(LoginPageTest.java:43)
at java.base/java.util.concurrent.ThreadPoolExecutor.runWorker(ThreadPoolExecutor.java:1136)
at java.base/java.util.concurrent.ThreadPoolExecutor$Worker.run(ThreadPoolExecutor.java:635)
at java.base/java.lang.Thread.run(Thread.java:833)
... Removed 12 stack frames]]>
    </failure>
  </testcase> <!-- verifyCorrectUsernameAndInvalidPassword -->
  <testcase classname="testscript.ManageNewsTest" name="verifyUserIsAbleToCreateNews" time="0.028">
    <skipped/>
  </testcase> <!-- verifyUserIsAbleToCreateNews -->
  <testcase classname="testscript.ManageNewsTest" name="verifyUserIsAbleToCreateNews" time="0.059">
    <failure type="java.lang.NullPointerException" message="Cannot invoke &amp;quot;org.apache.poi.xssf.usermodel.XSSFSheet.getRow(int)&amp;quot; because &amp;quot;utilities.ExcelUtility.sh&amp;quot; is null">
      <![CDATA[java.lang.NullPointerException: Cannot invoke "org.apache.poi.xssf.usermodel.XSSFSheet.getRow(int)" because "utilities.ExcelUtility.sh" is null
at utilities.ExcelUtility.readStringData(ExcelUtility.java:27)
at testscript.ManageNewsTest.verifyUserIsAbleToCreateNews(ManageNewsTest.java:22)
at java.base/java.util.concurrent.ThreadPoolExecutor.runWorker(ThreadPoolExecutor.java:1136)
at java.base/java.util.concurrent.ThreadPoolExecutor$Worker.run(ThreadPoolExecutor.java:635)
at java.base/java.lang.Thread.run(Thread.java:833)
... Removed 12 stack frames]]>
    </failure>
  </testcase> <!-- verifyUserIsAbleToCreateNews -->
  <testcase classname="testscript.LoginPageTest" name="verifyCorrectUsernameAndPassword" time="1.551"/>
  <testcase classname="testscript.LoginPageTest" name="verifyInvalidUsernameAndCorrectPassword" time="0.522"/>
  <testcase classname="testscript.LoginPageTest" name="verifyInvalidUsernameAndPassword" time="1.192"/>
</testsuite> <!-- ChromeTest -->
