<?xml version="1.0" encoding="UTF-8"?>
<!-- Generated by org.testng.reporters.JUnitXMLReporter -->
<testsuite ignored="3" hostname="Nihala" failures="0" tests="1" name="EdgeTest" time="10.053" errors="0" timestamp="2025-02-04T17:59:34 IST">
  <testcase classname="testscript.LoginPageTest" name="verifyInvalidUsernameAndCorrectPassword" time="0.494"/>
  <testcase classname="testscript.LoginPageTest" name="verifyCorrectUsernameAndInvalidPassword" time="0.0">
    <ignored/>
  </testcase> <!-- verifyCorrectUsernameAndInvalidPassword -->
  <testcase classname="testscript.LoginPageTest" name="verifyInvalidUsernameAndPassword" time="0.0">
    <ignored/>
  </testcase> <!-- verifyInvalidUsernameAndPassword -->
  <testcase classname="testscript.LoginPageTest" name="verifyCorrectUsernameAndPassword" time="0.0">
    <ignored/>
  </testcase> <!-- verifyCorrectUsernameAndPassword -->
</testsuite> <!-- EdgeTest -->
